Arguments: 
  /Users/adamgray/.nvm/versions/node/v10.16.0/bin/node /usr/local/Cellar/yarn/1.22.0/libexec/bin/yarn.js

PATH: 
  /Users/adamgray/.helm/bin:/Users/adamgray/.helm:/Users/adamgray/.google-cloud-sdk/bin:/Users/adamgray/.nvm/versions/node/v10.16.0/bin:/usr/local/bin:/usr/bin:/bin:/usr/sbin:/sbin:/Users/adamgray/.local/bin:/Users/adamgray/.rvm/bin:/Users/adamgray/.rvm/bin:/Users/adamgray/.local/bin

Yarn version: 
  1.22.0

Node version: 
  10.16.0

Platform: 
  darwin x64

Trace: 
  SyntaxError: /Users/adamgray/Code/getup/server/package.json: Unexpected token } in JSON at position 297
      at JSON.parse (<anonymous>)
      at /usr/local/Cellar/yarn/1.22.0/libexec/lib/cli.js:1625:59
      at Generator.next (<anonymous>)
      at step (/usr/local/Cellar/yarn/1.22.0/libexec/lib/cli.js:310:30)
      at /usr/local/Cellar/yarn/1.22.0/libexec/lib/cli.js:321:13

npm manifest: 
  {
    "name": "@getup/server",
    "version": "1.0.0",
    "main": "index.js",
    "scripts": {
      "start": "nodemon -r ts-node ./index.ts"
    },
    "dependencies": {
      "body-parser": "^1.19.0",
      "cors": "^2.8.5",
      "express": "^4.17.1",
      "express-graphql": "^0.9.0",
      "graphql": "^15.0.0",
    },
    "devDependencies": {
      "@types/express": "^4.17.6",
      "nodemon": "^2.0.3",
      "ts-node": "^8.8.2",
      "typescript": "^3.8.3"
    },
    "license": "MIT"
  }

yarn manifest: 
  No manifest

Lockfile: 
  No lockfile
